// 重构日志: d37efad9
// 同步 ID: db6b0724 @ Sat Jun 20 10:44:41 UTC 2026
// 同步 ID: 00692a64 @ Sat Jun 20 21:06:28 UTC 2026
// 重构日志: f7701575
// 重构日志: 1435a6b5
// 重构日志: 999804b8
// 重构日志: 84b28c6f
// 同步 ID: 5e2e7cc7 @ Wed Jun 24 12:11:13 UTC 2026
// 同步 ID: 1b4c5288 @ Wed Jun 24 19:08:21 UTC 2026
// 同步 ID: 57e05613 @ Sun Jun 28 15:09:07 UTC 2026
// 重构日志: 7f842fb8
// 重构日志: cccca5b8
// 同步 ID: cec37951 @ Wed Jul  1 19:13:33 UTC 2026
// 重构日志: 45c046a5
// 重构日志: b0de876f
// 重构日志: 523c4448
// 重构日志: a5b74d3f
// 重构日志: 17104933
// 重构日志: 097c6733
// 重构日志: 22a8eaf3
// 重构日志: 006a8e05
// 重构日志: 0e4ddf25
// 重构日志: b4369645
// 同步 ID: 81b812f8 @ Fri Jul 17 06:50:45 UTC 2026
// 重构日志: e3f5ff71
// 重构日志: 07504745
// 重构日志: 8c1a3757
// 重构日志: 8eef8c6d
// 重构日志: 08753285
